{
  "RSpec": {
    "coverage": {
      "/Users/kavitak/makers_academy/oyster_copies/oystercard/spec/Oystercard_spec.rb": [
        1,
        null,
        1,
        null,
        1,
        1,
        null,
        null,
        1,
        1,
        null,
        null,
        1,
        1,
        null,
        null,
        1,
        1,
        null,
        null,
        1,
        2,
        1,
        3,
        null,
        1,
        1,
        null,
        null,
        1,
        4,
        null,
        null,
        null,
        null,
        1,
        null,
        1,
        1,
        null,
        null,
        1,
        1,
        null,
        null,
        1,
        2,
        null,
        null,
        null,
        null,
        1,
        1,
        null,
        null,
        1,
        1,
        1,
        null,
        null,
        null,
        1,
        null,
        1,
        1,
        null,
        null,
        1,
        1,
        1,
        null,
        null,
        null,
        null,
        null,
        1,
        3,
        null,
        1,
        2,
        null,
        null,
        1,
        1,
        4,
        null,
        null,
        null,
        null,
        1,
        2,
        null,
        1,
        4,
        null,
        null,
        null,
        null,
        null,
        null,
        null
      ],
      "/Users/kavitak/makers_academy/oyster_copies/oystercard/lib/Oystercard.rb": [
        1,
        null,
        1,
        null,
        1,
        1,
        1,
        1,
        null,
        1,
        16,
        16,
        16,
        16,
        null,
        null,
        1,
        5,
        4,
        null,
        null,
        1,
        3,
        2,
        2,
        null,
        null,
        1,
        1,
        1,
        null,
        null,
        1,
        1,
        null,
        null,
        1,
        5,
        null,
        null,
        1,
        null,
        1,
        5,
        null,
        null,
        1,
        1,
        null,
        null,
        null
      ]
    },
    "timestamp": 1494946047
  }
}
